# JRE version: Java(TM) SE Runtime Environment (17.0.6+9) (build 17.0.6+9-LTS-190)
# Java VM: Java HotSpot(TM) 64-Bit Server VM (17.0.6+9-LTS-190, mixed mode, sharing, tiered, compressed oops, compressed class ptrs, g1 gc, windows-amd64)
GC Precious Log:
 CPUs: 4 total, 4 available
 Memory: 7934M
 Large Page Support: Disabled
 NUMA Support: Disabled
 Compressed Oops: Enabled (32-bit)
 Heap Region Size: 1M
 Heap Min Capacity: 8M
 Heap Initial Capacity: 124M
 Heap Max Capacity: 1984M
 Pre-touch: Disabled
 Parallel Workers: 4
 Concurrent Workers: 1
 Concurrent Refinement Workers: 4
 Periodic GC: Disabled
Heap:
 garbage-first heap   total 79872K, used 25516K [0x0000000084000000, 0x0000000100000000)
  region size 1024K, 4 young (4096K), 4 survivors (4096K)
 Metaspace       used 44340K, committed 44800K, reserved 1089536K
  class space    used 5093K, committed 5312K, reserved 1048576K
GC Heap History (20 events):
Event: 3.451 GC heap after
{Heap after GC invocations=12 (full 0):
 garbage-first heap   total 55296K, used 16461K [0x0000000084000000, 0x0000000100000000)
  region size 1024K, 3 young (3072K), 3 survivors (3072K)
 Metaspace       used 24857K, committed 25152K, reserved 1073152K
  class space    used 2656K, committed 2816K, reserved 1048576K
}
Event: 3.652 GC heap before
{Heap before GC invocations=12 (full 0):
 garbage-first heap   total 55296K, used 43085K [0x0000000084000000, 0x0000000100000000)
  region size 1024K, 29 young (29696K), 3 survivors (3072K)
 Metaspace       used 26026K, committed 26368K, reserved 1073152K
  class space    used 2786K, committed 2944K, reserved 1048576K
}
Event: 3.657 GC heap after
{Heap after GC invocations=13 (full 0):
 garbage-first heap   total 66560K, used 17084K [0x0000000084000000, 0x0000000100000000)
  region size 1024K, 3 young (3072K), 3 survivors (3072K)
 Metaspace       used 26026K, committed 26368K, reserved 1073152K
  class space    used 2786K, committed 2944K, reserved 1048576K
}
Event: 4.075 GC heap before
{Heap before GC invocations=13 (full 0):
 garbage-first heap   total 66560K, used 52924K [0x0000000084000000, 0x0000000100000000)
  region size 1024K, 38 young (38912K), 3 survivors (3072K)
 Metaspace       used 27708K, committed 28032K, reserved 1081344K
  class space    used 2990K, committed 3136K, reserved 1048576K
}
Event: 4.081 GC heap after
{Heap after GC invocations=14 (full 0):
 garbage-first heap   total 66560K, used 17380K [0x0000000084000000, 0x0000000100000000)
  region size 1024K, 3 young (3072K), 3 survivors (3072K)
 Metaspace       used 27708K, committed 28032K, reserved 1081344K
  class space    used 2990K, committed 3136K, reserved 1048576K
}
Event: 4.602 GC heap before
{Heap before GC invocations=14 (full 0):
 garbage-first heap   total 66560K, used 54244K [0x0000000084000000, 0x0000000100000000)
  region size 1024K, 39 young (39936K), 3 survivors (3072K)
 Metaspace       used 29426K, committed 29760K, reserved 1081344K
  class space    used 3212K, committed 3392K, reserved 1048576K
}
Event: 4.608 GC heap after
{Heap after GC invocations=15 (full 0):
 garbage-first heap   total 66560K, used 18549K [0x0000000084000000, 0x0000000100000000)
  region size 1024K, 4 young (4096K), 4 survivors (4096K)
 Metaspace       used 29426K, committed 29760K, reserved 1081344K
  class space    used 3212K, committed 3392K, reserved 1048576K
}
Event: 5.017 GC heap before
{Heap before GC invocations=15 (full 0):
 garbage-first heap   total 66560K, used 54389K [0x0000000084000000, 0x0000000100000000)
  region size 1024K, 39 young (39936K), 4 survivors (4096K)
 Metaspace       used 31735K, committed 32064K, reserved 1081344K
  class space    used 3498K, committed 3648K, reserved 1048576K
}
Event: 5.023 GC heap after
{Heap after GC invocations=16 (full 0):
 garbage-first heap   total 66560K, used 19711K [0x0000000084000000, 0x0000000100000000)
  region size 1024K, 4 young (4096K), 4 survivors (4096K)
 Metaspace       used 31735K, committed 32064K, reserved 1081344K
  class space    used 3498K, committed 3648K, reserved 1048576K
}
Event: 5.447 GC heap before
{Heap before GC invocations=16 (full 0):
 garbage-first heap   total 66560K, used 53503K [0x0000000084000000, 0x0000000100000000)
  region size 1024K, 37 young (37888K), 4 survivors (4096K)
 Metaspace       used 33795K, committed 34176K, reserved 1081344K
  class space    used 3794K, committed 3968K, reserved 1048576K
}
Event: 5.454 GC heap after
{Heap after GC invocations=17 (full 0):
 garbage-first heap   total 79872K, used 21436K [0x0000000084000000, 0x0000000100000000)
  region size 1024K, 4 young (4096K), 4 survivors (4096K)
 Metaspace       used 33795K, committed 34176K, reserved 1081344K
  class space    used 3794K, committed 3968K, reserved 1048576K
}
Event: 5.760 GC heap before
{Heap before GC invocations=17 (full 0):
 garbage-first heap   total 79872K, used 60348K [0x0000000084000000, 0x0000000100000000)
  region size 1024K, 43 young (44032K), 4 survivors (4096K)
 Metaspace       used 35559K, committed 35968K, reserved 1081344K
  class space    used 3963K, committed 4160K, reserved 1048576K
}
Event: 5.766 GC heap after
{Heap after GC invocations=18 (full 0):
 garbage-first heap   total 79872K, used 22215K [0x0000000084000000, 0x0000000100000000)
  region size 1024K, 4 young (4096K), 4 survivors (4096K)
 Metaspace       used 35559K, committed 35968K, reserved 1081344K
  class space    used 3963K, committed 4160K, reserved 1048576K
}
Event: 6.242 GC heap before
{Heap before GC invocations=19 (full 0):
 garbage-first heap   total 79872K, used 65223K [0x0000000084000000, 0x0000000100000000)
  region size 1024K, 46 young (47104K), 4 survivors (4096K)
 Metaspace       used 37430K, committed 37888K, reserved 1089536K
  class space    used 4214K, committed 4416K, reserved 1048576K
}
Event: 6.248 GC heap after
{Heap after GC invocations=20 (full 0):
 garbage-first heap   total 79872K, used 23916K [0x0000000084000000, 0x0000000100000000)
  region size 1024K, 4 young (4096K), 4 survivors (4096K)
 Metaspace       used 37430K, committed 37888K, reserved 1089536K
  class space    used 4214K, committed 4416K, reserved 1048576K
}
Event: 6.508 GC heap before
{Heap before GC invocations=20 (full 0):
 garbage-first heap   total 79872K, used 65900K [0x0000000084000000, 0x0000000100000000)
  region size 1024K, 45 young (46080K), 4 survivors (4096K)
 Metaspace       used 39485K, committed 40000K, reserved 1089536K
  class space    used 4435K, committed 4672K, reserved 1048576K
}
Event: 6.512 GC heap after
{Heap after GC invocations=21 (full 0):
 garbage-first heap   total 79872K, used 24080K [0x0000000084000000, 0x0000000100000000)
  region size 1024K, 3 young (3072K), 3 survivors (3072K)
 Metaspace       used 39485K, committed 40000K, reserved 1089536K
  class space    used 4435K, committed 4672K, reserved 1048576K
}
Event: 6.812 GC heap before
{Heap before GC invocations=21 (full 0):
 garbage-first heap   total 79872K, used 66064K [0x0000000084000000, 0x0000000100000000)
  region size 1024K, 44 young (45056K), 3 survivors (3072K)
 Metaspace       used 41884K, committed 42304K, reserved 1089536K
  class space    used 4761K, committed 4992K, reserved 1048576K
}
Event: 6.819 GC heap after
{Heap after GC invocations=22 (full 0):
 garbage-first heap   total 79872K, used 24489K [0x0000000084000000, 0x0000000100000000)
  region size 1024K, 4 young (4096K), 4 survivors (4096K)
 Metaspace       used 41884K, committed 42304K, reserved 1089536K
  class space    used 4761K, committed 4992K, reserved 1048576K
}
Event: 7.176 GC heap before
{Heap before GC invocations=22 (full 0):
 garbage-first heap   total 79872K, used 66473K [0x0000000084000000, 0x0000000100000000)
  region size 1024K, 45 young (46080K), 4 survivors (4096K)
 Metaspace       used 44340K, committed 44800K, reserved 1089536K
  class space    used 5093K, committed 5312K, reserved 1048576K
}

